<?xml version="1.0" ?>
<testsuites disabled="0" errors="0" failures="9" tests="46" time="61.105871754232794">
	<testsuite disabled="0" errors="0" failures="9" name="schemathesis" skipped="0" tests="46" time="61.105871754232794" hostname="Daithis-MacBook-Pro-3.local">
		<testcase name="GET /api/v2/history/{account}" time="9.181552">
			<failure type="failure" message="1. Test Case ID: nnHTtk&#10;&#10;- Response time limit exceeded&#10;&#10;    Actual: 9141.65ms&#10;    Limit: 500.00ms&#10;&#10;[200] OK:&#10;&#10;    `{&quot;data&quot;:[],&quot;pagination&quot;:{&quot;hasCount&quot;:false,&quot;countLimit&quot;:0,&quot;hasNext&quot;:false}}`&#10;&#10;Reproduce with: &#10;&#10;    curl -X GET 'http://localhost:8080/api/v2/history/0xf077b491b355e64048ce21e3a6fc4751eeea77fa?page=0&amp;size=20'"/>
		</testcase>
		<testcase name="GET /api/v2/history/token/{tokenId}" time="0.939798">
			<failure type="failure" message="1. Test Case ID: EyDPhG&#10;&#10;- Server error&#10;&#10;[500] Internal Server Error:&#10;&#10;    `{&quot;id&quot;:&quot;4c0f39bd-d691-440a-b643-295632249209&quot;,&quot;status&quot;:500,&quot;error&quot;:&quot;Internal Server Error&quot;,&quot;path&quot;:&quot;/api/v2/history/token/0&quot;,&quot;timestamp&quot;:1761915715}`&#10;&#10;Reproduce with: &#10;&#10;    curl -X GET 'http://localhost:8080/api/v2/history/token/0?eventName=NFT_SALE&amp;eventName=NFT_SALE'"/>
		</testcase>
		<testcase name="GET /api/v1/vevote/proposal/results" time="0.117353"/>
		<testcase name="GET /api/v1/vevote/historic-proposals" time="0.153722"/>
		<testcase name="GET /api/v1/transfers" time="6.303017">
			<failure type="failure" message="1. Test Case ID: je6mcQ&#10;&#10;- Server error&#10;&#10;[500] Internal Server Error:&#10;&#10;    `{&quot;id&quot;:&quot;bc41b157-c41d-436b-bbba-9153c7fc9d45&quot;,&quot;status&quot;:500,&quot;error&quot;:&quot;Internal Server Error&quot;,&quot;path&quot;:&quot;/api/v1/transfers&quot;,&quot;timestamp&quot;:1761915721}`&#10;&#10;Reproduce with: &#10;&#10;    curl -X GET 'http://localhost:8080/api/v1/transfers?address=0000000000000000000000000000000000000001&amp;tokenAddress=%5BFiltered%5D'"/>
		</testcase>
		<testcase name="GET /api/v1/transfers/to" time="0.225450"/>
		<testcase name="GET /api/v1/transfers/fungible-tokens-contracts" time="0.786630">
			<failure type="failure" message="1. Test Case ID: zd20xC&#10;&#10;- Response time limit exceeded&#10;&#10;    Actual: 650.86ms&#10;    Limit: 500.00ms&#10;&#10;[200] OK:&#10;&#10;    `{&quot;data&quot;:[],&quot;pagination&quot;:{&quot;hasCount&quot;:false,&quot;countLimit&quot;:0,&quot;hasNext&quot;:false}}`&#10;&#10;Reproduce with: &#10;&#10;    curl -X GET 'http://localhost:8080/api/v1/transfers/fungible-tokens-contracts?address=4d777C9D18D1FBFE6a6fa2211cD22c8CcACBCBc5&amp;size=76&amp;direction=ASC&amp;page=61358&amp;officialTokensOnly=%5BFiltered%5D'"/>
		</testcase>
		<testcase name="GET /api/v1/transfers/from" time="0.279740"/>
		<testcase name="GET /api/v1/transfers/forBlock" time="0.272521"/>
		<testcase name="GET /api/v1/transactions" time="0.253100"/>
		<testcase name="GET /api/v1/transactions/{txId}" time="0.219336"/>
		<testcase name="GET /api/v1/transactions/delegated" time="0.198188"/>
		<testcase name="GET /api/v1/transactions/contract" time="0.247177"/>
		<testcase name="GET /api/v1/stargate/total-vtho-generated" time="0.138845"/>
		<testcase name="GET /api/v1/stargate/total-vtho-generated/historic/{range}" time="0.062902"/>
		<testcase name="GET /api/v1/stargate/total-vtho-claimed" time="0.132972"/>
		<testcase name="GET /api/v1/stargate/total-vtho-claimed/{account}" time="0.175764"/>
		<testcase name="GET /api/v1/stargate/total-vtho-claimed/historic/{range}" time="4.351325">
			<failure type="failure" message="1. Test Case ID: lZcOFr&#10;&#10;- Response time limit exceeded&#10;&#10;    Actual: 669.73ms&#10;    Limit: 500.00ms&#10;&#10;[200] OK:&#10;&#10;    `[{&quot;timestamp&quot;:1751365520,&quot;value&quot;:&quot;32000000000000000&quot;},{&quot;timestamp&quot;:1751365530,&quot;value&quot;:&quot;66000000000000000&quot;},{&quot;timestamp&quot;:1751365550,&quot;value&quot;:&quot;78000000000000000&quot;},{&quot;timestamp&quot;:1751367060,&quot;value&quot;:&quot;11196000000000000000&quot;},{&quot;timestamp&quot;:1751367600,&quot;value&quot;:&quot;18023500000000000000&quot;},{&quot;timestamp&quot;:1751368400,&quot;value&quot;:&quot;22366000000000000000&quot;},{&quot;timestamp&quot;:1751369920,&quot;value&quot;:&quot;24166000000000000000&quot;},{&quot;timestamp&quot;:1751371780,&quot;value&quot;:&quot;24170000000000000000&quot;},{&quot;timestamp&quot;:1751372780,&quot;value&quot;:&quot;25546500000000000000&quot;},{&quot;timestamp&quot;:175 // Output truncated...`&#10;&#10;Reproduce with: &#10;&#10;    curl -X GET http://localhost:8080/api/v1/stargate/total-vtho-claimed/historic/all"/>
		</testcase>
		<testcase name="GET /api/v1/stargate/total-vet-staked" time="1.491022"/>
		<testcase name="GET /api/v1/stargate/total-vet-staked/historic/{range}" time="12.228297">
			<failure type="failure" message="1. Test Case ID: EkC5f8&#10;&#10;- Response time limit exceeded&#10;&#10;    Actual: 707.51ms&#10;    Limit: 500.00ms&#10;&#10;[200] OK:&#10;&#10;    `[{&quot;timestamp&quot;:1751364850,&quot;value&quot;:&quot;10000000000000000000000&quot;},{&quot;timestamp&quot;:1751364880,&quot;value&quot;:&quot;20000000000000000000000&quot;},{&quot;timestamp&quot;:1751365170,&quot;value&quot;:&quot;30000000000000000000000&quot;},{&quot;timestamp&quot;:1751365280,&quot;value&quot;:&quot;1030000000000000000000000&quot;},{&quot;timestamp&quot;:1751365310,&quot;value&quot;:&quot;1040000000000000000000000&quot;},{&quot;timestamp&quot;:1751365320,&quot;value&quot;:&quot;1050000000000000000000000&quot;},{&quot;timestamp&quot;:1751365380,&quot;value&quot;:&quot;6650000000000000000000000&quot;},{&quot;timestamp&quot;:1751365460,&quot;value&quot;:&quot;6850000000000000000000000&quot;},{&quot;timestamp&quot;:1751365470,&quot;valu // Output truncated...`&#10;&#10;Reproduce with: &#10;&#10;    curl -X GET http://localhost:8080/api/v1/stargate/total-vet-staked/historic/all"/>
		</testcase>
		<testcase name="GET /api/v1/stargate/total-vet-delegated" time="0.530035"/>
		<testcase name="GET /api/v1/stargate/tokens" time="0.201827"/>
		<testcase name="GET /api/v1/stargate/token-rewards/{tokenId}" time="0.159617"/>
		<testcase name="GET /api/v1/stargate/nft-holders" time="0.130090"/>
		<testcase name="GET /api/v1/stargate/nft-holders/historic/{range}" time="6.607342"/>
		<testcase name="GET /api/v1/nfts" time="1.022310"/>
		<testcase name="GET /api/v1/nfts/contracts" time="0.423064"/>
		<testcase name="GET /api/v1/history/{account}" time="8.970792">
			<failure type="failure" message="1. Test Case ID: ohP2k2&#10;&#10;- Response time limit exceeded&#10;&#10;    Actual: 8966.66ms&#10;    Limit: 500.00ms&#10;&#10;[200] OK:&#10;&#10;    `{&quot;data&quot;:[],&quot;pagination&quot;:{&quot;hasCount&quot;:false,&quot;countLimit&quot;:0,&quot;hasNext&quot;:false}}`&#10;&#10;Reproduce with: &#10;&#10;    curl -X GET 'http://localhost:8080/api/v1/history/0xf077b491b355e64048ce21e3a6fc4751eeea77fa?page=0&amp;size=20'"/>
		</testcase>
		<testcase name="GET /api/v1/explorer/block-usage" time="0.119194"/>
		<testcase name="GET /api/v1/b3tr/xallocations/{roundId}/results" time="0.205688"/>
		<testcase name="GET /api/v1/b3tr/xallocations/earnings" time="0.153717"/>
		<testcase name="GET /api/v1/b3tr/users/{wallet}/proposals/comments" time="0.222423"/>
		<testcase name="GET /api/v1/b3tr/proposals/{proposalId}/results" time="0.216196"/>
		<testcase name="GET /api/v1/b3tr/proposals/{proposalId}/comments" time="0.294923"/>
		<testcase name="GET /api/v1/b3tr/galaxy-members/level-overview" time="0.395360"/>
		<testcase name="GET /api/v1/b3tr/actions/users/{wallet}" time="0.262309"/>
		<testcase name="GET /api/v1/b3tr/actions/users/{wallet}/overview" time="0.253918"/>
		<testcase name="GET /api/v1/b3tr/actions/users/{wallet}/daily-summaries" time="0.178962"/>
		<testcase name="GET /api/v1/b3tr/actions/users/{wallet}/app/{appId}/overview" time="0.259207"/>
		<testcase name="GET /api/v1/b3tr/actions/leaderboards/users" time="0.213047"/>
		<testcase name="GET /api/v1/b3tr/actions/leaderboards/apps" time="0.131929"/>
		<testcase name="GET /api/v1/b3tr/actions/leaderboards/apps/{appId}" time="0.169976"/>
		<testcase name="GET /api/v1/b3tr/actions/global/overview" time="0.790363">
			<failure type="failure" message="1. Test Case ID: Umgf8I&#10;&#10;- Response time limit exceeded&#10;&#10;    Actual: 692.11ms&#10;    Limit: 500.00ms&#10;&#10;[200] OK:&#10;&#10;    `{&quot;totalRewardAmount&quot;:7.356523163954185E7,&quot;actionsRewarded&quot;:43403729,&quot;totalImpact&quot;:{&quot;carbon&quot;:5539587889307019,&quot;water&quot;:19241294899,&quot;energy&quot;:7668599737,&quot;waste_mass&quot;:2232689158,&quot;waste_items&quot;:63807,&quot;waste_reduction&quot;:737,&quot;people&quot;:23754,&quot;timber&quot;:626694366,&quot;plastic&quot;:351530467,&quot;education_time&quot;:17606918124,&quot;trees_planted&quot;:1480402,&quot;calories_burned&quot;:714727119,&quot;clean_energy_production_wh&quot;:470118535,&quot;sleep_quality_percentage&quot;:14277860},&quot;totalUniqueUserInteractions&quot;:5232054}`&#10;&#10;Reproduce with: &#10;&#10;    curl -X GET http://localhost:8080/api/v1/b3tr/actions/global/overview"/>
		</testcase>
		<testcase name="GET /api/v1/b3tr/actions/apps/{appId}" time="0.253847"/>
		<testcase name="GET /api/v1/b3tr/actions/apps/{appId}/overview" time="0.265386"/>
		<testcase name="GET /api/v1/authority-endorsers/endorsers/{user}" time="0.915639">
			<failure type="failure" message="1. Test Case ID: lIcIsN&#10;&#10;- Missing Content-Type header&#10;&#10;    The following media types are documented in the schema:&#10;    - `application/json`&#10;&#10;[404] Not Found:&#10;&#10;    &lt;EMPTY&gt;&#10;&#10;Reproduce with: &#10;&#10;    curl -X GET http://localhost:8080/api/v1/authority-endorsers/endorsers/0000000000000000000000000000000000000001"/>
		</testcase>
	</testsuite>
</testsuites>
